# JRE version: OpenJDK Runtime Environment (21.0.8) (build 21.0.8+-14196175-b1038.72)
# Java VM: OpenJDK 64-Bit Server VM (21.0.8+-14196175-b1038.72, mixed mode, tiered, compressed oops, compressed class ptrs, g1 gc, windows-amd64)
GC Precious Log:
 CardTable entry size: 512
 Card Set container configuration: InlinePtr #cards 5 size 8 Array Of Cards #cards 12 size 40 Howl #buckets 4 coarsen threshold 1843 Howl Bitmap #cards 512 size 80 coarsen threshold 460 Card regions per heap region 1 cards per card region 2048
 CPUs: 12 total, 12 available
 Memory: 7399M
 Large Page Support: Disabled
 NUMA Support: Disabled
 Compressed Oops: Enabled (32-bit)
 Heap Region Size: 1M
 Heap Min Capacity: 8M
 Heap Initial Capacity: 116M
 Heap Max Capacity: 512M
 Pre-touch: Disabled
 Parallel Workers: 10
 Concurrent Workers: 3
 Concurrent Refinement Workers: 10
 Periodic GC: Disabled
Heap:
 garbage-first heap   total 68608K, used 27705K [0x00000000e0000000, 0x0000000100000000)
  region size 1024K, 10 young (10240K), 4 survivors (4096K)
 Metaspace       used 32561K, committed 33216K, reserved 1114112K
  class space    used 4252K, committed 4544K, reserved 1048576K
GC Heap History (12 events):
Event: 1.192 GC heap before
{Heap before GC invocations=0 (full 0):
 garbage-first heap   total 118784K, used 22528K [0x00000000e0000000, 0x0000000100000000)
  region size 1024K, 23 young (23552K), 0 survivors (0K)
 Metaspace       used 7901K, committed 8064K, reserved 1114112K
  class space    used 729K, committed 768K, reserved 1048576K
}
Event: 1.200 GC heap after
{Heap after GC invocations=1 (full 0):
 garbage-first heap   total 118784K, used 1840K [0x00000000e0000000, 0x0000000100000000)
  region size 1024K, 2 young (2048K), 2 survivors (2048K)
 Metaspace       used 7901K, committed 8064K, reserved 1114112K
  class space    used 729K, committed 768K, reserved 1048576K
}
Event: 2.846 GC heap before
{Heap before GC invocations=1 (full 0):
 garbage-first heap   total 118784K, used 38704K [0x00000000e0000000, 0x0000000100000000)
  region size 1024K, 36 young (36864K), 2 survivors (2048K)
 Metaspace       used 12472K, committed 12608K, reserved 1114112K
  class space    used 1372K, committed 1472K, reserved 1048576K
}
Event: 2.859 GC heap after
{Heap after GC invocations=2 (full 0):
 garbage-first heap   total 118784K, used 10433K [0x00000000e0000000, 0x0000000100000000)
  region size 1024K, 5 young (5120K), 5 survivors (5120K)
 Metaspace       used 12472K, committed 12608K, reserved 1114112K
  class space    used 1372K, committed 1472K, reserved 1048576K
}
Event: 4.404 GC heap before
{Heap before GC invocations=2 (full 0):
 garbage-first heap   total 118784K, used 62657K [0x00000000e0000000, 0x0000000100000000)
  region size 1024K, 55 young (56320K), 5 survivors (5120K)
 Metaspace       used 13373K, committed 13568K, reserved 1114112K
  class space    used 1532K, committed 1600K, reserved 1048576K
}
Event: 4.419 GC heap after
{Heap after GC invocations=3 (full 0):
 garbage-first heap   total 118784K, used 16645K [0x00000000e0000000, 0x0000000100000000)
  region size 1024K, 5 young (5120K), 5 survivors (5120K)
 Metaspace       used 13373K, committed 13568K, reserved 1114112K
  class space    used 1532K, committed 1600K, reserved 1048576K
}
Event: 6.029 GC heap before
{Heap before GC invocations=3 (full 0):
 garbage-first heap   total 118784K, used 40197K [0x00000000e0000000, 0x0000000100000000)
  region size 1024K, 30 young (30720K), 5 survivors (5120K)
 Metaspace       used 21181K, committed 21504K, reserved 1114112K
  class space    used 2522K, committed 2688K, reserved 1048576K
}
Event: 6.038 GC heap after
{Heap after GC invocations=4 (full 0):
 garbage-first heap   total 118784K, used 19832K [0x00000000e0000000, 0x0000000100000000)
  region size 1024K, 8 young (8192K), 8 survivors (8192K)
 Metaspace       used 21181K, committed 21504K, reserved 1114112K
  class space    used 2522K, committed 2688K, reserved 1048576K
}
Event: 7.388 GC heap before
{Heap before GC invocations=5 (full 0):
 garbage-first heap   total 68608K, used 52600K [0x00000000e0000000, 0x0000000100000000)
  region size 1024K, 40 young (40960K), 8 survivors (8192K)
 Metaspace       used 26913K, committed 27456K, reserved 1114112K
  class space    used 3395K, committed 3648K, reserved 1048576K
}
Event: 7.399 GC heap after
{Heap after GC invocations=6 (full 0):
 garbage-first heap   total 68608K, used 21858K [0x00000000e0000000, 0x0000000100000000)
  region size 1024K, 3 young (3072K), 3 survivors (3072K)
 Metaspace       used 26913K, committed 27456K, reserved 1114112K
  class space    used 3395K, committed 3648K, reserved 1048576K
}
Event: 8.536 GC heap before
{Heap before GC invocations=6 (full 0):
 garbage-first heap   total 68608K, used 54626K [0x00000000e0000000, 0x0000000100000000)
  region size 1024K, 34 young (34816K), 3 survivors (3072K)
 Metaspace       used 31871K, committed 32448K, reserved 1114112K
  class space    used 4138K, committed 4416K, reserved 1048576K
}
Event: 8.541 GC heap after
{Heap after GC invocations=7 (full 0):
 garbage-first heap   total 68608K, used 23609K [0x00000000e0000000, 0x0000000100000000)
  region size 1024K, 4 young (4096K), 4 survivors (4096K)
 Metaspace       used 31871K, committed 32448K, reserved 1114112K
  class space    used 4138K, committed 4416K, reserved 1048576K
}

